2025-04-07 19:49:31,054 | INFO | 🧠 Scheduler started
2025-04-07 19:49:31,054 | INFO | 🔄 Executing task: SuccessTask
2025-04-07 19:49:31,055 | WARNING | ⚠️ Task SuccessTask permanently failed.
2025-04-07 19:49:31,055 | INFO | 🔄 Executing task: FlakyTask
2025-04-07 19:49:31,055 | INFO | ✅ Task FlakyTask completed successfully.
2025-04-07 19:49:31,056 | INFO | 🔄 Executing task: FailingTask
2025-04-07 19:49:31,056 | WARNING | ❌ Task FailingTask failed (Attempt 1/2).
2025-04-07 19:49:32,057 | WARNING | ⚠️ Task FailingTask permanently failed.
2025-04-07 19:49:33,058 | INFO | ✅ All tasks completed or failed. Scheduler exiting.
2025-04-07 19:56:11,935 | INFO | 🚀 Telemetry Logger Started
2025-04-07 19:56:14,939 | INFO | --- Telemetry Batch Start ---
2025-04-07 19:56:14,940 | INFO | {'timestamp': '2025-04-07T14:26:11.936734', 'temperature': 45.49, 'voltage': 3.2, 'current': 0.58, 'status': 'FAIL'}
2025-04-07 19:56:14,941 | INFO | {'timestamp': '2025-04-07T14:26:12.937608', 'temperature': 48.41, 'voltage': 4.09, 'current': 0.27, 'status': 'WARN'}
2025-04-07 19:56:14,942 | INFO | {'timestamp': '2025-04-07T14:26:13.938867', 'temperature': 20.91, 'voltage': 3.77, 'current': 1.72, 'status': 'OK'}
2025-04-07 19:56:14,943 | INFO | {'timestamp': '2025-04-07T14:26:14.939089', 'temperature': 48.66, 'voltage': 3.72, 'current': 1.0, 'status': 'FAIL'}
2025-04-07 19:56:14,944 | INFO | --- Telemetry Batch End ---

2025-04-07 19:56:17,947 | INFO | --- Telemetry Batch Start ---
2025-04-07 19:56:17,948 | INFO | {'timestamp': '2025-04-07T14:26:15.946599', 'temperature': 38.85, 'voltage': 3.76, 'current': 1.18, 'status': 'OK'}
2025-04-07 19:56:17,949 | INFO | {'timestamp': '2025-04-07T14:26:16.946987', 'temperature': 62.55, 'voltage': 3.04, 'current': 1.51, 'status': 'OK'}
2025-04-07 19:56:17,950 | INFO | {'timestamp': '2025-04-07T14:26:17.947383', 'temperature': 42.21, 'voltage': 3.75, 'current': 1.12, 'status': 'WARN'}
2025-04-07 19:56:17,951 | INFO | --- Telemetry Batch End ---

2025-04-07 19:56:20,954 | INFO | --- Telemetry Batch Start ---
2025-04-07 19:56:20,954 | INFO | {'timestamp': '2025-04-07T14:26:18.953487', 'temperature': 26.24, 'voltage': 3.5, 'current': 0.88, 'status': 'FAIL'}
2025-04-07 19:56:20,955 | INFO | {'timestamp': '2025-04-07T14:26:19.953929', 'temperature': 45.2, 'voltage': 3.59, 'current': 0.37, 'status': 'FAIL'}
2025-04-07 19:56:20,955 | INFO | {'timestamp': '2025-04-07T14:26:20.954322', 'temperature': 54.31, 'voltage': 3.13, 'current': 0.74, 'status': 'FAIL'}
2025-04-07 19:56:20,956 | INFO | --- Telemetry Batch End ---

2025-04-07 19:56:23,958 | INFO | --- Telemetry Batch Start ---
2025-04-07 19:56:23,959 | INFO | {'timestamp': '2025-04-07T14:26:21.956860', 'temperature': 31.65, 'voltage': 4.02, 'current': 0.76, 'status': 'OK'}
2025-04-07 19:56:23,960 | INFO | {'timestamp': '2025-04-07T14:26:22.957475', 'temperature': 39.47, 'voltage': 3.54, 'current': 0.43, 'status': 'OK'}
2025-04-07 19:56:23,961 | INFO | {'timestamp': '2025-04-07T14:26:23.958550', 'temperature': 55.57, 'voltage': 3.04, 'current': 1.55, 'status': 'OK'}
2025-04-07 19:56:23,962 | INFO | --- Telemetry Batch End ---

2025-04-07 19:56:26,965 | INFO | --- Telemetry Batch Start ---
2025-04-07 19:56:26,966 | INFO | {'timestamp': '2025-04-07T14:26:24.964652', 'temperature': 44.57, 'voltage': 3.62, 'current': 1.41, 'status': 'FAIL'}
2025-04-07 19:56:26,967 | INFO | {'timestamp': '2025-04-07T14:26:25.965412', 'temperature': 33.91, 'voltage': 3.28, 'current': 1.44, 'status': 'OK'}
2025-04-07 19:56:26,967 | INFO | {'timestamp': '2025-04-07T14:26:26.965587', 'temperature': 77.31, 'voltage': 3.28, 'current': 1.11, 'status': 'OK'}
2025-04-07 19:56:26,968 | INFO | --- Telemetry Batch End ---

2025-04-07 19:56:29,970 | INFO | --- Telemetry Batch Start ---
2025-04-07 19:56:29,970 | INFO | {'timestamp': '2025-04-07T14:26:27.969681', 'temperature': 52.19, 'voltage': 3.3, 'current': 1.71, 'status': 'OK'}
2025-04-07 19:56:29,971 | INFO | {'timestamp': '2025-04-07T14:26:28.970009', 'temperature': 39.92, 'voltage': 3.65, 'current': 1.43, 'status': 'FAIL'}
2025-04-07 19:56:29,971 | INFO | {'timestamp': '2025-04-07T14:26:29.970447', 'temperature': 55.36, 'voltage': 3.88, 'current': 0.48, 'status': 'OK'}
2025-04-07 19:56:29,972 | INFO | --- Telemetry Batch End ---

2025-04-07 19:56:32,975 | INFO | --- Telemetry Batch Start ---
2025-04-07 19:56:32,976 | INFO | {'timestamp': '2025-04-07T14:26:30.973316', 'temperature': 46.18, 'voltage': 3.79, 'current': 0.34, 'status': 'WARN'}
2025-04-07 19:56:32,977 | INFO | {'timestamp': '2025-04-07T14:26:31.974059', 'temperature': 51.35, 'voltage': 3.36, 'current': 1.0, 'status': 'FAIL'}
2025-04-07 19:56:32,978 | INFO | {'timestamp': '2025-04-07T14:26:32.975318', 'temperature': 29.77, 'voltage': 4.19, 'current': 1.82, 'status': 'FAIL'}
2025-04-07 19:56:32,980 | INFO | --- Telemetry Batch End ---

2025-04-07 19:56:35,982 | INFO | --- Telemetry Batch Start ---
2025-04-07 19:56:35,982 | INFO | {'timestamp': '2025-04-07T14:26:33.981439', 'temperature': 33.81, 'voltage': 4.04, 'current': 1.15, 'status': 'OK'}
2025-04-07 19:56:35,982 | INFO | {'timestamp': '2025-04-07T14:26:34.981814', 'temperature': 27.24, 'voltage': 3.2, 'current': 0.88, 'status': 'FAIL'}
2025-04-07 19:56:35,983 | INFO | {'timestamp': '2025-04-07T14:26:35.982572', 'temperature': 67.46, 'voltage': 3.14, 'current': 0.82, 'status': 'WARN'}
2025-04-07 19:56:35,983 | INFO | --- Telemetry Batch End ---

2025-04-07 19:56:38,985 | INFO | --- Telemetry Batch Start ---
2025-04-07 19:56:38,985 | INFO | {'timestamp': '2025-04-07T14:26:36.984497', 'temperature': 75.19, 'voltage': 3.71, 'current': 0.13, 'status': 'FAIL'}
2025-04-07 19:56:38,986 | INFO | {'timestamp': '2025-04-07T14:26:37.984822', 'temperature': 23.29, 'voltage': 3.28, 'current': 0.91, 'status': 'WARN'}
2025-04-07 19:56:38,986 | INFO | {'timestamp': '2025-04-07T14:26:38.985282', 'temperature': 70.75, 'voltage': 3.05, 'current': 1.07, 'status': 'FAIL'}
2025-04-07 19:56:38,986 | INFO | --- Telemetry Batch End ---

2025-04-07 19:56:41,988 | INFO | --- Telemetry Batch Start ---
2025-04-07 19:56:41,988 | INFO | {'timestamp': '2025-04-07T14:26:39.987509', 'temperature': 37.71, 'voltage': 3.77, 'current': 0.23, 'status': 'WARN'}
2025-04-07 19:56:41,989 | INFO | {'timestamp': '2025-04-07T14:26:40.987828', 'temperature': 67.06, 'voltage': 3.17, 'current': 0.5, 'status': 'FAIL'}
2025-04-07 19:56:41,989 | INFO | {'timestamp': '2025-04-07T14:26:41.988153', 'temperature': 68.1, 'voltage': 3.9, 'current': 0.84, 'status': 'OK'}
2025-04-07 19:56:41,989 | INFO | --- Telemetry Batch End ---

2025-04-07 19:56:44,991 | INFO | --- Telemetry Batch Start ---
2025-04-07 19:56:44,991 | INFO | {'timestamp': '2025-04-07T14:26:42.990737', 'temperature': 73.51, 'voltage': 3.21, 'current': 1.53, 'status': 'OK'}
2025-04-07 19:56:44,991 | INFO | {'timestamp': '2025-04-07T14:26:43.991392', 'temperature': 70.31, 'voltage': 4.07, 'current': 1.64, 'status': 'OK'}
2025-04-07 19:56:44,992 | INFO | {'timestamp': '2025-04-07T14:26:44.991555', 'temperature': 35.34, 'voltage': 3.13, 'current': 0.1, 'status': 'OK'}
2025-04-07 19:56:44,992 | INFO | --- Telemetry Batch End ---

2025-04-07 19:56:47,995 | INFO | --- Telemetry Batch Start ---
2025-04-07 19:56:47,995 | INFO | {'timestamp': '2025-04-07T14:26:45.994112', 'temperature': 75.87, 'voltage': 3.87, 'current': 1.1, 'status': 'OK'}
2025-04-07 19:56:47,995 | INFO | {'timestamp': '2025-04-07T14:26:46.994679', 'temperature': 22.57, 'voltage': 3.01, 'current': 1.38, 'status': 'WARN'}
2025-04-07 19:56:47,996 | INFO | {'timestamp': '2025-04-07T14:26:47.995008', 'temperature': 24.74, 'voltage': 3.95, 'current': 1.34, 'status': 'WARN'}
2025-04-07 19:56:47,996 | INFO | --- Telemetry Batch End ---

2025-04-07 19:56:50,998 | INFO | --- Telemetry Batch Start ---
2025-04-07 19:56:50,998 | INFO | {'timestamp': '2025-04-07T14:26:48.997405', 'temperature': 36.82, 'voltage': 3.78, 'current': 0.37, 'status': 'WARN'}
2025-04-07 19:56:50,998 | INFO | {'timestamp': '2025-04-07T14:26:49.997964', 'temperature': 47.14, 'voltage': 4.13, 'current': 0.62, 'status': 'WARN'}
2025-04-07 19:56:50,998 | INFO | {'timestamp': '2025-04-07T14:26:50.998264', 'temperature': 55.13, 'voltage': 3.82, 'current': 1.22, 'status': 'OK'}
2025-04-07 19:56:50,999 | INFO | --- Telemetry Batch End ---

2025-04-07 19:56:51,858 | INFO | 🛑 Telemetry Logger Stopped by User
2025-04-07 20:07:42,867 | INFO | 🧠 Scheduler started
2025-04-07 20:07:42,867 | INFO | 🔄 Executing task: SuccessTask
2025-04-07 20:07:42,867 | WARNING | ⚠️ Task SuccessTask permanently failed.
2025-04-07 20:07:42,867 | INFO | 🔄 Executing task: FlakyTask
2025-04-07 20:07:42,868 | INFO | ✅ Task FlakyTask completed successfully.
2025-04-07 20:07:42,868 | INFO | 🔄 Executing task: FailingTask
2025-04-07 20:07:42,868 | WARNING | ❌ Task FailingTask failed (Attempt 1/2).
2025-04-07 20:07:43,869 | WARNING | ⚠️ Task FailingTask permanently failed.
2025-04-07 20:07:44,869 | INFO | ✅ All tasks completed or failed. Scheduler exiting.
2025-04-07 21:42:12,621 | INFO | 🧠 Scheduler started
2025-04-07 21:42:12,621 | INFO | 🔄 Executing task: SuccessTask
2025-04-07 21:42:12,621 | WARNING | ⚠️ Task SuccessTask permanently failed.
2025-04-07 21:42:12,621 | INFO | 🔄 Executing task: FlakyTask
2025-04-07 21:42:12,622 | INFO | ✅ Task FlakyTask completed successfully.
2025-04-07 21:42:12,622 | INFO | 🔄 Executing task: FailingTask
2025-04-07 21:42:12,622 | WARNING | ❌ Task FailingTask failed (Attempt 1/2).
2025-04-07 21:42:13,623 | WARNING | ⚠️ Task FailingTask permanently failed.
2025-04-07 21:42:14,624 | INFO | ✅ All tasks completed or failed. Scheduler exiting.
