2025-04-07 21:35:32,983 | INFO | 🚀 Telemetry Logger Started
2025-04-07 21:35:35,985 | INFO | --- Telemetry Batch Start ---
2025-04-07 21:35:35,985 | INFO | {'timestamp': '2025-04-07T16:05:32.983245+00:00', 'temperature': 73.95, 'voltage': 4.16, 'current': 0.9, 'status': 'OK'}
2025-04-07 21:35:35,985 | INFO | {'timestamp': '2025-04-07T16:05:33.984391+00:00', 'temperature': 68.88, 'voltage': 4.07, 'current': 0.73, 'status': 'OK'}
2025-04-07 21:35:35,985 | INFO | {'timestamp': '2025-04-07T16:05:34.984846+00:00', 'temperature': 30.87, 'voltage': 3.55, 'current': 0.73, 'status': 'OK'}
2025-04-07 21:35:35,986 | INFO | {'timestamp': '2025-04-07T16:05:35.985349+00:00', 'temperature': 77.76, 'voltage': 4.09, 'current': 0.37, 'status': 'WARN'}
2025-04-07 21:35:35,986 | INFO | --- Telemetry Batch End ---

2025-04-07 21:35:38,988 | INFO | --- Telemetry Batch Start ---
2025-04-07 21:35:38,988 | INFO | {'timestamp': '2025-04-07T16:05:36.987155+00:00', 'temperature': 72.65, 'voltage': 3.21, 'current': 0.82, 'status': 'FAIL'}
2025-04-07 21:35:38,988 | INFO | {'timestamp': '2025-04-07T16:05:37.988176+00:00', 'temperature': 65.47, 'voltage': 3.23, 'current': 1.78, 'status': 'OK'}
2025-04-07 21:35:38,988 | INFO | {'timestamp': '2025-04-07T16:05:38.988837+00:00', 'temperature': 63.51, 'voltage': 3.07, 'current': 1.03, 'status': 'OK'}
2025-04-07 21:35:38,988 | INFO | --- Telemetry Batch End ---

2025-04-07 21:35:41,991 | INFO | --- Telemetry Batch Start ---
2025-04-07 21:35:41,991 | INFO | {'timestamp': '2025-04-07T16:05:39.990362+00:00', 'temperature': 64.51, 'voltage': 3.48, 'current': 0.5, 'status': 'OK'}
2025-04-07 21:35:41,991 | INFO | {'timestamp': '2025-04-07T16:05:40.990764+00:00', 'temperature': 60.93, 'voltage': 3.66, 'current': 1.0, 'status': 'OK'}
2025-04-07 21:35:41,992 | INFO | {'timestamp': '2025-04-07T16:05:41.991181+00:00', 'temperature': 28.65, 'voltage': 3.82, 'current': 1.1, 'status': 'WARN'}
2025-04-07 21:35:41,992 | INFO | --- Telemetry Batch End ---

2025-04-07 21:35:44,993 | INFO | --- Telemetry Batch Start ---
2025-04-07 21:35:44,993 | INFO | {'timestamp': '2025-04-07T16:05:42.992948+00:00', 'temperature': 39.1, 'voltage': 3.75, 'current': 1.0, 'status': 'OK'}
2025-04-07 21:35:44,993 | INFO | {'timestamp': '2025-04-07T16:05:43.993474+00:00', 'temperature': 22.46, 'voltage': 3.6, 'current': 1.13, 'status': 'OK'}
2025-04-07 21:35:44,993 | INFO | {'timestamp': '2025-04-07T16:05:44.993760+00:00', 'temperature': 62.79, 'voltage': 3.4, 'current': 0.18, 'status': 'OK'}
2025-04-07 21:35:44,993 | INFO | --- Telemetry Batch End ---

2025-04-07 21:35:47,995 | INFO | --- Telemetry Batch Start ---
2025-04-07 21:35:47,995 | INFO | {'timestamp': '2025-04-07T16:05:45.994892+00:00', 'temperature': 77.2, 'voltage': 3.17, 'current': 1.73, 'status': 'OK'}
2025-04-07 21:35:47,995 | INFO | {'timestamp': '2025-04-07T16:05:46.995244+00:00', 'temperature': 37.33, 'voltage': 3.23, 'current': 0.51, 'status': 'WARN'}
2025-04-07 21:35:47,995 | INFO | {'timestamp': '2025-04-07T16:05:47.995695+00:00', 'temperature': 27.55, 'voltage': 4.07, 'current': 0.66, 'status': 'OK'}
2025-04-07 21:35:47,995 | INFO | --- Telemetry Batch End ---

2025-04-07 21:35:50,997 | INFO | --- Telemetry Batch Start ---
2025-04-07 21:35:50,997 | INFO | {'timestamp': '2025-04-07T16:05:48.996369+00:00', 'temperature': 65.32, 'voltage': 3.41, 'current': 0.55, 'status': 'WARN'}
2025-04-07 21:35:50,997 | INFO | {'timestamp': '2025-04-07T16:05:49.997211+00:00', 'temperature': 22.03, 'voltage': 3.28, 'current': 1.21, 'status': 'OK'}
2025-04-07 21:35:50,998 | INFO | {'timestamp': '2025-04-07T16:05:50.997553+00:00', 'temperature': 53.81, 'voltage': 3.23, 'current': 0.81, 'status': 'WARN'}
2025-04-07 21:35:50,998 | INFO | --- Telemetry Batch End ---

2025-04-07 21:35:54,001 | INFO | --- Telemetry Batch Start ---
2025-04-07 21:35:54,001 | INFO | {'timestamp': '2025-04-07T16:05:51.999391+00:00', 'temperature': 40.87, 'voltage': 3.9, 'current': 1.6, 'status': 'OK'}
2025-04-07 21:35:54,002 | INFO | {'timestamp': '2025-04-07T16:05:52.999953+00:00', 'temperature': 52.11, 'voltage': 3.67, 'current': 1.11, 'status': 'WARN'}
2025-04-07 21:35:54,002 | INFO | {'timestamp': '2025-04-07T16:05:54.001185+00:00', 'temperature': 47.36, 'voltage': 3.38, 'current': 1.59, 'status': 'OK'}
2025-04-07 21:35:54,002 | INFO | --- Telemetry Batch End ---

2025-04-07 21:35:57,004 | INFO | --- Telemetry Batch Start ---
2025-04-07 21:35:57,004 | INFO | {'timestamp': '2025-04-07T16:05:55.003420+00:00', 'temperature': 79.41, 'voltage': 3.28, 'current': 0.32, 'status': 'OK'}
2025-04-07 21:35:57,004 | INFO | {'timestamp': '2025-04-07T16:05:56.004522+00:00', 'temperature': 79.6, 'voltage': 3.5, 'current': 1.06, 'status': 'OK'}
2025-04-07 21:35:57,005 | INFO | {'timestamp': '2025-04-07T16:05:57.004817+00:00', 'temperature': 54.95, 'voltage': 4.13, 'current': 1.28, 'status': 'OK'}
2025-04-07 21:35:57,005 | INFO | --- Telemetry Batch End ---

2025-04-07 21:36:00,006 | INFO | --- Telemetry Batch Start ---
2025-04-07 21:36:00,006 | INFO | {'timestamp': '2025-04-07T16:05:58.006675+00:00', 'temperature': 48.26, 'voltage': 3.59, 'current': 0.44, 'status': 'WARN'}
2025-04-07 21:36:00,007 | INFO | {'timestamp': '2025-04-07T16:05:59.006762+00:00', 'temperature': 77.15, 'voltage': 3.2, 'current': 0.37, 'status': 'WARN'}
2025-04-07 21:36:00,007 | INFO | {'timestamp': '2025-04-07T16:06:00.006986+00:00', 'temperature': 64.21, 'voltage': 4.09, 'current': 0.4, 'status': 'OK'}
2025-04-07 21:36:00,007 | INFO | --- Telemetry Batch End ---

2025-04-07 21:36:03,024 | INFO | --- Telemetry Batch Start ---
2025-04-07 21:36:03,024 | INFO | {'timestamp': '2025-04-07T16:06:01.008925+00:00', 'temperature': 39.5, 'voltage': 3.1, 'current': 0.41, 'status': 'WARN'}
2025-04-07 21:36:03,024 | INFO | {'timestamp': '2025-04-07T16:06:02.024203+00:00', 'temperature': 67.02, 'voltage': 4.02, 'current': 0.13, 'status': 'OK'}
2025-04-07 21:36:03,024 | INFO | {'timestamp': '2025-04-07T16:06:03.024530+00:00', 'temperature': 32.67, 'voltage': 4.1, 'current': 0.85, 'status': 'OK'}
2025-04-07 21:36:03,024 | INFO | --- Telemetry Batch End ---

2025-04-07 21:36:06,025 | INFO | --- Telemetry Batch Start ---
2025-04-07 21:36:06,025 | INFO | {'timestamp': '2025-04-07T16:06:04.025272+00:00', 'temperature': 70.85, 'voltage': 4.05, 'current': 1.14, 'status': 'OK'}
2025-04-07 21:36:06,025 | INFO | {'timestamp': '2025-04-07T16:06:05.025511+00:00', 'temperature': 33.72, 'voltage': 3.2, 'current': 0.57, 'status': 'OK'}
2025-04-07 21:36:06,026 | INFO | {'timestamp': '2025-04-07T16:06:06.025829+00:00', 'temperature': 23.98, 'voltage': 3.71, 'current': 1.56, 'status': 'WARN'}
2025-04-07 21:36:06,026 | INFO | --- Telemetry Batch End ---

2025-04-07 21:36:09,028 | INFO | --- Telemetry Batch Start ---
2025-04-07 21:36:09,028 | INFO | {'timestamp': '2025-04-07T16:06:07.027389+00:00', 'temperature': 21.45, 'voltage': 3.71, 'current': 1.44, 'status': 'WARN'}
2025-04-07 21:36:09,028 | INFO | {'timestamp': '2025-04-07T16:06:08.028610+00:00', 'temperature': 61.19, 'voltage': 3.48, 'current': 1.59, 'status': 'OK'}
2025-04-07 21:36:09,028 | INFO | {'timestamp': '2025-04-07T16:06:09.028894+00:00', 'temperature': 79.22, 'voltage': 3.58, 'current': 0.94, 'status': 'OK'}
2025-04-07 21:36:09,028 | INFO | --- Telemetry Batch End ---

2025-04-07 21:36:12,030 | INFO | --- Telemetry Batch Start ---
2025-04-07 21:36:12,030 | INFO | {'timestamp': '2025-04-07T16:06:10.029702+00:00', 'temperature': 78.84, 'voltage': 3.04, 'current': 1.87, 'status': 'OK'}
2025-04-07 21:36:12,030 | INFO | {'timestamp': '2025-04-07T16:06:11.030314+00:00', 'temperature': 59.18, 'voltage': 3.79, 'current': 1.99, 'status': 'FAIL'}
2025-04-07 21:36:12,030 | INFO | {'timestamp': '2025-04-07T16:06:12.030735+00:00', 'temperature': 24.6, 'voltage': 3.24, 'current': 0.57, 'status': 'OK'}
2025-04-07 21:36:12,030 | INFO | --- Telemetry Batch End ---

2025-04-07 21:36:15,031 | INFO | --- Telemetry Batch Start ---
2025-04-07 21:36:15,031 | INFO | {'timestamp': '2025-04-07T16:06:13.031201+00:00', 'temperature': 75.2, 'voltage': 3.16, 'current': 1.62, 'status': 'OK'}
2025-04-07 21:36:15,031 | INFO | {'timestamp': '2025-04-07T16:06:14.031339+00:00', 'temperature': 64.7, 'voltage': 3.49, 'current': 0.85, 'status': 'FAIL'}
2025-04-07 21:36:15,031 | INFO | {'timestamp': '2025-04-07T16:06:15.031996+00:00', 'temperature': 77.24, 'voltage': 4.19, 'current': 1.5, 'status': 'OK'}
2025-04-07 21:36:15,031 | INFO | --- Telemetry Batch End ---

2025-04-07 21:36:18,033 | INFO | --- Telemetry Batch Start ---
2025-04-07 21:36:18,033 | INFO | {'timestamp': '2025-04-07T16:06:16.032648+00:00', 'temperature': 69.07, 'voltage': 3.08, 'current': 0.69, 'status': 'WARN'}
2025-04-07 21:36:18,033 | INFO | {'timestamp': '2025-04-07T16:06:17.032924+00:00', 'temperature': 55.26, 'voltage': 3.3, 'current': 1.49, 'status': 'OK'}
2025-04-07 21:36:18,033 | INFO | {'timestamp': '2025-04-07T16:06:18.033372+00:00', 'temperature': 60.93, 'voltage': 3.9, 'current': 1.73, 'status': 'WARN'}
2025-04-07 21:36:18,033 | INFO | --- Telemetry Batch End ---

2025-04-07 21:36:21,036 | INFO | --- Telemetry Batch Start ---
2025-04-07 21:36:21,036 | INFO | {'timestamp': '2025-04-07T16:06:19.034787+00:00', 'temperature': 62.86, 'voltage': 3.13, 'current': 1.72, 'status': 'OK'}
2025-04-07 21:36:21,036 | INFO | {'timestamp': '2025-04-07T16:06:20.035447+00:00', 'temperature': 33.87, 'voltage': 3.77, 'current': 1.77, 'status': 'OK'}
2025-04-07 21:36:21,036 | INFO | {'timestamp': '2025-04-07T16:06:21.036064+00:00', 'temperature': 64.86, 'voltage': 4.0, 'current': 0.4, 'status': 'OK'}
2025-04-07 21:36:21,036 | INFO | --- Telemetry Batch End ---

2025-04-07 21:36:24,038 | INFO | --- Telemetry Batch Start ---
2025-04-07 21:36:24,038 | INFO | {'timestamp': '2025-04-07T16:06:22.037348+00:00', 'temperature': 76.18, 'voltage': 3.08, 'current': 0.25, 'status': 'OK'}
2025-04-07 21:36:24,038 | INFO | {'timestamp': '2025-04-07T16:06:23.037671+00:00', 'temperature': 77.74, 'voltage': 3.67, 'current': 1.95, 'status': 'WARN'}
2025-04-07 21:36:24,038 | INFO | {'timestamp': '2025-04-07T16:06:24.038447+00:00', 'temperature': 23.33, 'voltage': 3.43, 'current': 1.44, 'status': 'OK'}
2025-04-07 21:36:24,038 | INFO | --- Telemetry Batch End ---

2025-04-07 21:36:27,040 | INFO | --- Telemetry Batch Start ---
2025-04-07 21:36:27,040 | INFO | {'timestamp': '2025-04-07T16:06:25.039603+00:00', 'temperature': 37.81, 'voltage': 3.46, 'current': 0.85, 'status': 'OK'}
2025-04-07 21:36:27,040 | INFO | {'timestamp': '2025-04-07T16:06:26.040244+00:00', 'temperature': 36.4, 'voltage': 4.0, 'current': 0.43, 'status': 'OK'}
2025-04-07 21:36:27,040 | INFO | {'timestamp': '2025-04-07T16:06:27.040534+00:00', 'temperature': 64.57, 'voltage': 3.51, 'current': 0.69, 'status': 'OK'}
2025-04-07 21:36:27,040 | INFO | --- Telemetry Batch End ---

2025-04-07 21:36:30,041 | INFO | --- Telemetry Batch Start ---
2025-04-07 21:36:30,041 | INFO | {'timestamp': '2025-04-07T16:06:28.041259+00:00', 'temperature': 42.29, 'voltage': 3.99, 'current': 1.95, 'status': 'OK'}
2025-04-07 21:36:30,041 | INFO | {'timestamp': '2025-04-07T16:06:29.041615+00:00', 'temperature': 21.27, 'voltage': 3.55, 'current': 0.56, 'status': 'OK'}
2025-04-07 21:36:30,041 | INFO | {'timestamp': '2025-04-07T16:06:30.041943+00:00', 'temperature': 53.12, 'voltage': 3.83, 'current': 1.89, 'status': 'OK'}
2025-04-07 21:36:30,041 | INFO | --- Telemetry Batch End ---

2025-04-07 21:36:33,044 | INFO | --- Telemetry Batch Start ---
2025-04-07 21:36:33,044 | INFO | {'timestamp': '2025-04-07T16:06:31.043363+00:00', 'temperature': 75.11, 'voltage': 4.06, 'current': 1.46, 'status': 'OK'}
2025-04-07 21:36:33,044 | INFO | {'timestamp': '2025-04-07T16:06:32.043855+00:00', 'temperature': 26.44, 'voltage': 4.19, 'current': 1.61, 'status': 'OK'}
2025-04-07 21:36:33,044 | INFO | {'timestamp': '2025-04-07T16:06:33.044097+00:00', 'temperature': 52.82, 'voltage': 3.5, 'current': 0.8, 'status': 'OK'}
2025-04-07 21:36:33,044 | INFO | --- Telemetry Batch End ---

2025-04-07 21:36:36,045 | INFO | --- Telemetry Batch Start ---
2025-04-07 21:36:36,045 | INFO | {'timestamp': '2025-04-07T16:06:34.044640+00:00', 'temperature': 30.79, 'voltage': 3.12, 'current': 0.59, 'status': 'OK'}
2025-04-07 21:36:36,045 | INFO | {'timestamp': '2025-04-07T16:06:35.044853+00:00', 'temperature': 25.94, 'voltage': 3.42, 'current': 0.9, 'status': 'OK'}
2025-04-07 21:36:36,046 | INFO | {'timestamp': '2025-04-07T16:06:36.045226+00:00', 'temperature': 52.9, 'voltage': 3.13, 'current': 0.48, 'status': 'OK'}
2025-04-07 21:36:36,046 | INFO | --- Telemetry Batch End ---

2025-04-07 21:36:39,047 | INFO | --- Telemetry Batch Start ---
2025-04-07 21:36:39,047 | INFO | {'timestamp': '2025-04-07T16:06:37.047259+00:00', 'temperature': 52.15, 'voltage': 3.02, 'current': 1.45, 'status': 'OK'}
2025-04-07 21:36:39,047 | INFO | {'timestamp': '2025-04-07T16:06:38.047495+00:00', 'temperature': 28.84, 'voltage': 3.62, 'current': 1.44, 'status': 'WARN'}
2025-04-07 21:36:39,047 | INFO | {'timestamp': '2025-04-07T16:06:39.047912+00:00', 'temperature': 61.09, 'voltage': 3.2, 'current': 1.45, 'status': 'OK'}
2025-04-07 21:36:39,047 | INFO | --- Telemetry Batch End ---

2025-04-07 21:36:42,051 | INFO | --- Telemetry Batch Start ---
2025-04-07 21:36:42,051 | INFO | {'timestamp': '2025-04-07T16:06:40.049494+00:00', 'temperature': 29.43, 'voltage': 3.3, 'current': 1.65, 'status': 'OK'}
2025-04-07 21:36:42,051 | INFO | {'timestamp': '2025-04-07T16:06:41.050124+00:00', 'temperature': 22.55, 'voltage': 3.61, 'current': 1.65, 'status': 'OK'}
2025-04-07 21:36:42,051 | INFO | {'timestamp': '2025-04-07T16:06:42.051003+00:00', 'temperature': 57.62, 'voltage': 3.09, 'current': 0.37, 'status': 'FAIL'}
2025-04-07 21:36:42,051 | INFO | --- Telemetry Batch End ---

2025-04-07 21:36:45,053 | INFO | --- Telemetry Batch Start ---
2025-04-07 21:36:45,053 | INFO | {'timestamp': '2025-04-07T16:06:43.051991+00:00', 'temperature': 67.43, 'voltage': 4.05, 'current': 1.04, 'status': 'OK'}
2025-04-07 21:36:45,053 | INFO | {'timestamp': '2025-04-07T16:06:44.052759+00:00', 'temperature': 51.48, 'voltage': 3.33, 'current': 0.58, 'status': 'WARN'}
2025-04-07 21:36:45,053 | INFO | {'timestamp': '2025-04-07T16:06:45.053188+00:00', 'temperature': 23.84, 'voltage': 3.38, 'current': 1.8, 'status': 'OK'}
2025-04-07 21:36:45,053 | INFO | --- Telemetry Batch End ---

2025-04-07 21:36:48,055 | INFO | --- Telemetry Batch Start ---
2025-04-07 21:36:48,055 | INFO | {'timestamp': '2025-04-07T16:06:46.054378+00:00', 'temperature': 68.2, 'voltage': 3.41, 'current': 0.73, 'status': 'OK'}
2025-04-07 21:36:48,056 | INFO | {'timestamp': '2025-04-07T16:06:47.055045+00:00', 'temperature': 67.0, 'voltage': 3.7, 'current': 0.84, 'status': 'OK'}
2025-04-07 21:36:48,056 | INFO | {'timestamp': '2025-04-07T16:06:48.055777+00:00', 'temperature': 53.68, 'voltage': 3.47, 'current': 0.66, 'status': 'OK'}
2025-04-07 21:36:48,056 | INFO | --- Telemetry Batch End ---

2025-04-07 21:36:51,059 | INFO | --- Telemetry Batch Start ---
2025-04-07 21:36:51,059 | INFO | {'timestamp': '2025-04-07T16:06:49.058754+00:00', 'temperature': 28.72, 'voltage': 3.82, 'current': 0.49, 'status': 'OK'}
2025-04-07 21:36:51,059 | INFO | {'timestamp': '2025-04-07T16:06:50.058864+00:00', 'temperature': 53.06, 'voltage': 4.12, 'current': 1.59, 'status': 'OK'}
2025-04-07 21:36:51,059 | INFO | {'timestamp': '2025-04-07T16:06:51.059999+00:00', 'temperature': 49.91, 'voltage': 3.91, 'current': 0.45, 'status': 'OK'}
2025-04-07 21:36:51,059 | INFO | --- Telemetry Batch End ---

2025-04-07 21:36:54,062 | INFO | --- Telemetry Batch Start ---
2025-04-07 21:36:54,062 | INFO | {'timestamp': '2025-04-07T16:06:52.060633+00:00', 'temperature': 61.33, 'voltage': 3.68, 'current': 0.77, 'status': 'OK'}
2025-04-07 21:36:54,062 | INFO | {'timestamp': '2025-04-07T16:06:53.061616+00:00', 'temperature': 38.15, 'voltage': 3.71, 'current': 0.86, 'status': 'OK'}
2025-04-07 21:36:54,062 | INFO | {'timestamp': '2025-04-07T16:06:54.062144+00:00', 'temperature': 76.18, 'voltage': 3.27, 'current': 1.38, 'status': 'OK'}
2025-04-07 21:36:54,062 | INFO | --- Telemetry Batch End ---

2025-04-07 21:36:57,063 | INFO | --- Telemetry Batch Start ---
2025-04-07 21:36:57,063 | INFO | {'timestamp': '2025-04-07T16:06:55.062805+00:00', 'temperature': 75.38, 'voltage': 3.99, 'current': 1.73, 'status': 'OK'}
2025-04-07 21:36:57,063 | INFO | {'timestamp': '2025-04-07T16:06:56.063088+00:00', 'temperature': 45.29, 'voltage': 3.78, 'current': 0.46, 'status': 'OK'}
2025-04-07 21:36:57,063 | INFO | {'timestamp': '2025-04-07T16:06:57.063630+00:00', 'temperature': 64.11, 'voltage': 3.38, 'current': 0.53, 'status': 'OK'}
2025-04-07 21:36:57,063 | INFO | --- Telemetry Batch End ---

2025-04-07 21:37:00,066 | INFO | --- Telemetry Batch Start ---
2025-04-07 21:37:00,066 | INFO | {'timestamp': '2025-04-07T16:06:58.064278+00:00', 'temperature': 48.55, 'voltage': 3.2, 'current': 0.12, 'status': 'OK'}
2025-04-07 21:37:00,066 | INFO | {'timestamp': '2025-04-07T16:06:59.065815+00:00', 'temperature': 51.3, 'voltage': 3.67, 'current': 0.12, 'status': 'WARN'}
2025-04-07 21:37:00,066 | INFO | {'timestamp': '2025-04-07T16:07:00.066665+00:00', 'temperature': 40.22, 'voltage': 3.46, 'current': 1.75, 'status': 'OK'}
2025-04-07 21:37:00,066 | INFO | --- Telemetry Batch End ---

2025-04-07 21:37:03,069 | INFO | --- Telemetry Batch Start ---
2025-04-07 21:37:03,069 | INFO | {'timestamp': '2025-04-07T16:07:01.067248+00:00', 'temperature': 49.48, 'voltage': 3.99, 'current': 0.56, 'status': 'OK'}
2025-04-07 21:37:03,070 | INFO | {'timestamp': '2025-04-07T16:07:02.067958+00:00', 'temperature': 67.54, 'voltage': 4.08, 'current': 1.77, 'status': 'OK'}
2025-04-07 21:37:03,070 | INFO | {'timestamp': '2025-04-07T16:07:03.069144+00:00', 'temperature': 70.99, 'voltage': 3.24, 'current': 0.85, 'status': 'OK'}
2025-04-07 21:37:03,070 | INFO | --- Telemetry Batch End ---

2025-04-07 21:37:06,071 | INFO | --- Telemetry Batch Start ---
2025-04-07 21:37:06,071 | INFO | {'timestamp': '2025-04-07T16:07:04.070932+00:00', 'temperature': 60.21, 'voltage': 3.94, 'current': 0.67, 'status': 'OK'}
2025-04-07 21:37:06,071 | INFO | {'timestamp': '2025-04-07T16:07:05.071658+00:00', 'temperature': 42.8, 'voltage': 3.14, 'current': 1.57, 'status': 'OK'}
2025-04-07 21:37:06,072 | INFO | {'timestamp': '2025-04-07T16:07:06.071861+00:00', 'temperature': 38.39, 'voltage': 3.68, 'current': 0.42, 'status': 'OK'}
2025-04-07 21:37:06,072 | INFO | --- Telemetry Batch End ---

2025-04-07 21:37:09,074 | INFO | --- Telemetry Batch Start ---
2025-04-07 21:37:09,074 | INFO | {'timestamp': '2025-04-07T16:07:07.073630+00:00', 'temperature': 54.05, 'voltage': 3.13, 'current': 0.82, 'status': 'OK'}
2025-04-07 21:37:09,074 | INFO | {'timestamp': '2025-04-07T16:07:08.074082+00:00', 'temperature': 52.49, 'voltage': 3.14, 'current': 0.84, 'status': 'OK'}
2025-04-07 21:37:09,075 | INFO | {'timestamp': '2025-04-07T16:07:09.074483+00:00', 'temperature': 50.87, 'voltage': 3.17, 'current': 1.96, 'status': 'OK'}
2025-04-07 21:37:09,075 | INFO | --- Telemetry Batch End ---

2025-04-07 21:37:12,077 | INFO | --- Telemetry Batch Start ---
2025-04-07 21:37:12,077 | INFO | {'timestamp': '2025-04-07T16:07:10.076260+00:00', 'temperature': 52.28, 'voltage': 4.11, 'current': 1.9, 'status': 'WARN'}
2025-04-07 21:37:12,077 | INFO | {'timestamp': '2025-04-07T16:07:11.076654+00:00', 'temperature': 40.55, 'voltage': 3.4, 'current': 0.7, 'status': 'OK'}
2025-04-07 21:37:12,077 | INFO | {'timestamp': '2025-04-07T16:07:12.077076+00:00', 'temperature': 66.05, 'voltage': 3.28, 'current': 1.19, 'status': 'OK'}
2025-04-07 21:37:12,077 | INFO | --- Telemetry Batch End ---

2025-04-07 21:37:15,079 | INFO | --- Telemetry Batch Start ---
2025-04-07 21:37:15,079 | INFO | {'timestamp': '2025-04-07T16:07:13.077696+00:00', 'temperature': 75.37, 'voltage': 4.05, 'current': 0.7, 'status': 'OK'}
2025-04-07 21:37:15,079 | INFO | {'timestamp': '2025-04-07T16:07:14.078428+00:00', 'temperature': 48.71, 'voltage': 4.02, 'current': 0.25, 'status': 'OK'}
2025-04-07 21:37:15,079 | INFO | {'timestamp': '2025-04-07T16:07:15.079506+00:00', 'temperature': 72.28, 'voltage': 3.58, 'current': 1.23, 'status': 'OK'}
2025-04-07 21:37:15,079 | INFO | --- Telemetry Batch End ---

2025-04-07 21:37:18,086 | INFO | --- Telemetry Batch Start ---
2025-04-07 21:37:18,086 | INFO | {'timestamp': '2025-04-07T16:07:16.085298+00:00', 'temperature': 39.03, 'voltage': 4.02, 'current': 0.44, 'status': 'OK'}
2025-04-07 21:37:18,086 | INFO | {'timestamp': '2025-04-07T16:07:17.086140+00:00', 'temperature': 62.64, 'voltage': 3.71, 'current': 0.73, 'status': 'OK'}
2025-04-07 21:37:18,086 | INFO | {'timestamp': '2025-04-07T16:07:18.086378+00:00', 'temperature': 40.66, 'voltage': 3.65, 'current': 1.26, 'status': 'OK'}
2025-04-07 21:37:18,087 | INFO | --- Telemetry Batch End ---

2025-04-07 21:37:21,089 | INFO | --- Telemetry Batch Start ---
2025-04-07 21:37:21,089 | INFO | {'timestamp': '2025-04-07T16:07:19.088316+00:00', 'temperature': 59.44, 'voltage': 3.22, 'current': 0.21, 'status': 'OK'}
2025-04-07 21:37:21,089 | INFO | {'timestamp': '2025-04-07T16:07:20.089157+00:00', 'temperature': 34.5, 'voltage': 4.0, 'current': 1.58, 'status': 'OK'}
2025-04-07 21:37:21,089 | INFO | {'timestamp': '2025-04-07T16:07:21.089481+00:00', 'temperature': 70.77, 'voltage': 3.31, 'current': 0.65, 'status': 'OK'}
2025-04-07 21:37:21,090 | INFO | --- Telemetry Batch End ---

2025-04-07 21:37:24,091 | INFO | --- Telemetry Batch Start ---
2025-04-07 21:37:24,091 | INFO | {'timestamp': '2025-04-07T16:07:22.090766+00:00', 'temperature': 20.84, 'voltage': 3.69, 'current': 1.81, 'status': 'WARN'}
2025-04-07 21:37:24,091 | INFO | {'timestamp': '2025-04-07T16:07:23.090945+00:00', 'temperature': 68.39, 'voltage': 3.51, 'current': 1.42, 'status': 'OK'}
2025-04-07 21:37:24,091 | INFO | {'timestamp': '2025-04-07T16:07:24.091395+00:00', 'temperature': 38.55, 'voltage': 3.14, 'current': 1.99, 'status': 'OK'}
2025-04-07 21:37:24,091 | INFO | --- Telemetry Batch End ---

2025-04-07 21:37:27,093 | INFO | --- Telemetry Batch Start ---
2025-04-07 21:37:27,093 | INFO | {'timestamp': '2025-04-07T16:07:25.092633+00:00', 'temperature': 38.03, 'voltage': 3.7, 'current': 1.83, 'status': 'OK'}
2025-04-07 21:37:27,093 | INFO | {'timestamp': '2025-04-07T16:07:26.093128+00:00', 'temperature': 73.59, 'voltage': 3.04, 'current': 1.93, 'status': 'OK'}
2025-04-07 21:37:27,093 | INFO | {'timestamp': '2025-04-07T16:07:27.093504+00:00', 'temperature': 34.58, 'voltage': 3.37, 'current': 0.27, 'status': 'OK'}
2025-04-07 21:37:27,093 | INFO | --- Telemetry Batch End ---

2025-04-07 21:37:30,095 | INFO | --- Telemetry Batch Start ---
2025-04-07 21:37:30,095 | INFO | {'timestamp': '2025-04-07T16:07:28.094454+00:00', 'temperature': 79.58, 'voltage': 3.42, 'current': 1.78, 'status': 'OK'}
2025-04-07 21:37:30,095 | INFO | {'timestamp': '2025-04-07T16:07:29.094633+00:00', 'temperature': 66.42, 'voltage': 3.49, 'current': 1.48, 'status': 'OK'}
2025-04-07 21:37:30,095 | INFO | {'timestamp': '2025-04-07T16:07:30.095000+00:00', 'temperature': 43.06, 'voltage': 3.74, 'current': 1.76, 'status': 'OK'}
2025-04-07 21:37:30,095 | INFO | --- Telemetry Batch End ---

2025-04-07 21:37:33,096 | INFO | --- Telemetry Batch Start ---
2025-04-07 21:37:33,096 | INFO | {'timestamp': '2025-04-07T16:07:31.095454+00:00', 'temperature': 68.36, 'voltage': 3.88, 'current': 0.83, 'status': 'OK'}
2025-04-07 21:37:33,096 | INFO | {'timestamp': '2025-04-07T16:07:32.095739+00:00', 'temperature': 56.94, 'voltage': 3.25, 'current': 1.71, 'status': 'OK'}
2025-04-07 21:37:33,096 | INFO | {'timestamp': '2025-04-07T16:07:33.096065+00:00', 'temperature': 22.69, 'voltage': 3.99, 'current': 0.12, 'status': 'OK'}
2025-04-07 21:37:33,096 | INFO | --- Telemetry Batch End ---

2025-04-07 21:37:36,099 | INFO | --- Telemetry Batch Start ---
2025-04-07 21:37:36,099 | INFO | {'timestamp': '2025-04-07T16:07:34.097388+00:00', 'temperature': 59.72, 'voltage': 3.1, 'current': 1.9, 'status': 'OK'}
2025-04-07 21:37:36,099 | INFO | {'timestamp': '2025-04-07T16:07:35.098710+00:00', 'temperature': 59.31, 'voltage': 3.36, 'current': 1.15, 'status': 'OK'}
2025-04-07 21:37:36,099 | INFO | {'timestamp': '2025-04-07T16:07:36.099035+00:00', 'temperature': 45.25, 'voltage': 3.85, 'current': 0.94, 'status': 'FAIL'}
2025-04-07 21:37:36,099 | INFO | --- Telemetry Batch End ---

2025-04-07 21:37:39,101 | INFO | --- Telemetry Batch Start ---
2025-04-07 21:37:39,101 | INFO | {'timestamp': '2025-04-07T16:07:37.100610+00:00', 'temperature': 30.23, 'voltage': 3.5, 'current': 0.74, 'status': 'FAIL'}
2025-04-07 21:37:39,101 | INFO | {'timestamp': '2025-04-07T16:07:38.101200+00:00', 'temperature': 68.73, 'voltage': 3.05, 'current': 1.21, 'status': 'FAIL'}
2025-04-07 21:37:39,101 | INFO | {'timestamp': '2025-04-07T16:07:39.101605+00:00', 'temperature': 46.83, 'voltage': 3.55, 'current': 0.87, 'status': 'WARN'}
2025-04-07 21:37:39,101 | INFO | --- Telemetry Batch End ---

2025-04-07 21:37:42,108 | INFO | --- Telemetry Batch Start ---
2025-04-07 21:37:42,108 | INFO | {'timestamp': '2025-04-07T16:07:40.102993+00:00', 'temperature': 44.21, 'voltage': 3.09, 'current': 0.33, 'status': 'OK'}
2025-04-07 21:37:42,108 | INFO | {'timestamp': '2025-04-07T16:07:41.107814+00:00', 'temperature': 68.58, 'voltage': 3.2, 'current': 1.93, 'status': 'OK'}
2025-04-07 21:37:42,108 | INFO | {'timestamp': '2025-04-07T16:07:42.108386+00:00', 'temperature': 49.35, 'voltage': 4.03, 'current': 1.49, 'status': 'OK'}
2025-04-07 21:37:42,108 | INFO | --- Telemetry Batch End ---

2025-04-07 21:37:45,110 | INFO | --- Telemetry Batch Start ---
2025-04-07 21:37:45,110 | INFO | {'timestamp': '2025-04-07T16:07:43.109669+00:00', 'temperature': 40.57, 'voltage': 3.21, 'current': 1.17, 'status': 'OK'}
2025-04-07 21:37:45,110 | INFO | {'timestamp': '2025-04-07T16:07:44.110082+00:00', 'temperature': 60.69, 'voltage': 3.96, 'current': 1.51, 'status': 'OK'}
2025-04-07 21:37:45,110 | INFO | {'timestamp': '2025-04-07T16:07:45.110493+00:00', 'temperature': 35.66, 'voltage': 3.72, 'current': 1.37, 'status': 'WARN'}
2025-04-07 21:37:45,110 | INFO | --- Telemetry Batch End ---

2025-04-07 21:37:48,112 | INFO | --- Telemetry Batch Start ---
2025-04-07 21:37:48,112 | INFO | {'timestamp': '2025-04-07T16:07:46.111148+00:00', 'temperature': 21.59, 'voltage': 4.05, 'current': 0.49, 'status': 'OK'}
2025-04-07 21:37:48,112 | INFO | {'timestamp': '2025-04-07T16:07:47.111979+00:00', 'temperature': 60.42, 'voltage': 3.93, 'current': 0.9, 'status': 'OK'}
2025-04-07 21:37:48,112 | INFO | {'timestamp': '2025-04-07T16:07:48.112387+00:00', 'temperature': 38.22, 'voltage': 3.82, 'current': 1.41, 'status': 'OK'}
2025-04-07 21:37:48,112 | INFO | --- Telemetry Batch End ---

2025-04-07 21:37:51,114 | INFO | --- Telemetry Batch Start ---
2025-04-07 21:37:51,114 | INFO | {'timestamp': '2025-04-07T16:07:49.113625+00:00', 'temperature': 45.04, 'voltage': 3.69, 'current': 1.99, 'status': 'WARN'}
2025-04-07 21:37:51,114 | INFO | {'timestamp': '2025-04-07T16:07:50.114560+00:00', 'temperature': 53.64, 'voltage': 3.65, 'current': 0.28, 'status': 'OK'}
2025-04-07 21:37:51,114 | INFO | {'timestamp': '2025-04-07T16:07:51.114882+00:00', 'temperature': 59.2, 'voltage': 3.51, 'current': 1.02, 'status': 'OK'}
2025-04-07 21:37:51,114 | INFO | --- Telemetry Batch End ---

2025-04-07 21:37:54,117 | INFO | --- Telemetry Batch Start ---
2025-04-07 21:37:54,117 | INFO | {'timestamp': '2025-04-07T16:07:52.116244+00:00', 'temperature': 46.91, 'voltage': 3.7, 'current': 1.73, 'status': 'WARN'}
2025-04-07 21:37:54,117 | INFO | {'timestamp': '2025-04-07T16:07:53.116805+00:00', 'temperature': 78.61, 'voltage': 4.19, 'current': 1.0, 'status': 'OK'}
2025-04-07 21:37:54,117 | INFO | {'timestamp': '2025-04-07T16:07:54.117347+00:00', 'temperature': 24.3, 'voltage': 3.71, 'current': 1.91, 'status': 'OK'}
2025-04-07 21:37:54,117 | INFO | --- Telemetry Batch End ---

2025-04-07 21:37:57,118 | INFO | --- Telemetry Batch Start ---
2025-04-07 21:37:57,118 | INFO | {'timestamp': '2025-04-07T16:07:55.117937+00:00', 'temperature': 62.33, 'voltage': 3.46, 'current': 1.15, 'status': 'OK'}
2025-04-07 21:37:57,118 | INFO | {'timestamp': '2025-04-07T16:07:56.118267+00:00', 'temperature': 50.2, 'voltage': 4.15, 'current': 1.7, 'status': 'OK'}
2025-04-07 21:37:57,118 | INFO | {'timestamp': '2025-04-07T16:07:57.118681+00:00', 'temperature': 35.37, 'voltage': 3.3, 'current': 0.18, 'status': 'OK'}
2025-04-07 21:37:57,118 | INFO | --- Telemetry Batch End ---

2025-04-07 21:38:00,120 | INFO | --- Telemetry Batch Start ---
2025-04-07 21:38:00,120 | INFO | {'timestamp': '2025-04-07T16:07:58.119541+00:00', 'temperature': 78.66, 'voltage': 3.55, 'current': 1.27, 'status': 'WARN'}
2025-04-07 21:38:00,120 | INFO | {'timestamp': '2025-04-07T16:07:59.120002+00:00', 'temperature': 72.07, 'voltage': 3.81, 'current': 1.12, 'status': 'FAIL'}
2025-04-07 21:38:00,120 | INFO | {'timestamp': '2025-04-07T16:08:00.120579+00:00', 'temperature': 22.05, 'voltage': 3.01, 'current': 0.51, 'status': 'OK'}
2025-04-07 21:38:00,120 | INFO | --- Telemetry Batch End ---

2025-04-07 21:38:03,129 | INFO | --- Telemetry Batch Start ---
2025-04-07 21:38:03,129 | INFO | {'timestamp': '2025-04-07T16:08:01.121810+00:00', 'temperature': 40.02, 'voltage': 3.37, 'current': 1.62, 'status': 'OK'}
2025-04-07 21:38:03,129 | INFO | {'timestamp': '2025-04-07T16:08:02.128914+00:00', 'temperature': 66.14, 'voltage': 3.23, 'current': 0.14, 'status': 'OK'}
2025-04-07 21:38:03,129 | INFO | {'timestamp': '2025-04-07T16:08:03.129879+00:00', 'temperature': 69.48, 'voltage': 3.2, 'current': 1.64, 'status': 'OK'}
2025-04-07 21:38:03,129 | INFO | --- Telemetry Batch End ---

2025-04-07 21:38:06,131 | INFO | --- Telemetry Batch Start ---
2025-04-07 21:38:06,131 | INFO | {'timestamp': '2025-04-07T16:08:04.130920+00:00', 'temperature': 69.23, 'voltage': 3.68, 'current': 1.38, 'status': 'FAIL'}
2025-04-07 21:38:06,132 | INFO | {'timestamp': '2025-04-07T16:08:05.131226+00:00', 'temperature': 35.62, 'voltage': 3.64, 'current': 0.19, 'status': 'OK'}
2025-04-07 21:38:06,132 | INFO | {'timestamp': '2025-04-07T16:08:06.131768+00:00', 'temperature': 45.05, 'voltage': 3.28, 'current': 0.97, 'status': 'OK'}
2025-04-07 21:38:06,132 | INFO | --- Telemetry Batch End ---

2025-04-07 21:38:09,134 | INFO | --- Telemetry Batch Start ---
2025-04-07 21:38:09,134 | INFO | {'timestamp': '2025-04-07T16:08:07.133425+00:00', 'temperature': 42.31, 'voltage': 3.13, 'current': 0.33, 'status': 'OK'}
2025-04-07 21:38:09,134 | INFO | {'timestamp': '2025-04-07T16:08:08.134441+00:00', 'temperature': 62.16, 'voltage': 4.11, 'current': 1.76, 'status': 'OK'}
2025-04-07 21:38:09,135 | INFO | {'timestamp': '2025-04-07T16:08:09.134560+00:00', 'temperature': 20.09, 'voltage': 3.41, 'current': 0.23, 'status': 'OK'}
2025-04-07 21:38:09,135 | INFO | --- Telemetry Batch End ---

2025-04-07 21:38:12,138 | INFO | --- Telemetry Batch Start ---
2025-04-07 21:38:12,138 | INFO | {'timestamp': '2025-04-07T16:08:10.136310+00:00', 'temperature': 72.07, 'voltage': 3.97, 'current': 1.28, 'status': 'OK'}
2025-04-07 21:38:12,139 | INFO | {'timestamp': '2025-04-07T16:08:11.137246+00:00', 'temperature': 68.45, 'voltage': 3.21, 'current': 1.89, 'status': 'OK'}
2025-04-07 21:38:12,139 | INFO | {'timestamp': '2025-04-07T16:08:12.138475+00:00', 'temperature': 51.92, 'voltage': 3.99, 'current': 0.26, 'status': 'OK'}
2025-04-07 21:38:12,139 | INFO | --- Telemetry Batch End ---

2025-04-07 21:38:15,141 | INFO | --- Telemetry Batch Start ---
2025-04-07 21:38:15,141 | INFO | {'timestamp': '2025-04-07T16:08:13.140299+00:00', 'temperature': 49.94, 'voltage': 3.03, 'current': 1.75, 'status': 'FAIL'}
2025-04-07 21:38:15,141 | INFO | {'timestamp': '2025-04-07T16:08:14.141046+00:00', 'temperature': 24.43, 'voltage': 3.35, 'current': 0.84, 'status': 'OK'}
2025-04-07 21:38:15,141 | INFO | {'timestamp': '2025-04-07T16:08:15.141506+00:00', 'temperature': 33.99, 'voltage': 3.49, 'current': 0.48, 'status': 'FAIL'}
2025-04-07 21:38:15,141 | INFO | --- Telemetry Batch End ---

2025-04-07 21:38:18,143 | INFO | --- Telemetry Batch Start ---
2025-04-07 21:38:18,143 | INFO | {'timestamp': '2025-04-07T16:08:16.141988+00:00', 'temperature': 34.28, 'voltage': 3.02, 'current': 1.04, 'status': 'OK'}
2025-04-07 21:38:18,143 | INFO | {'timestamp': '2025-04-07T16:08:17.142707+00:00', 'temperature': 50.09, 'voltage': 4.14, 'current': 1.23, 'status': 'FAIL'}
2025-04-07 21:38:18,143 | INFO | {'timestamp': '2025-04-07T16:08:18.143052+00:00', 'temperature': 42.28, 'voltage': 3.04, 'current': 1.14, 'status': 'WARN'}
2025-04-07 21:38:18,143 | INFO | --- Telemetry Batch End ---

2025-04-07 21:38:21,146 | INFO | --- Telemetry Batch Start ---
2025-04-07 21:38:21,146 | INFO | {'timestamp': '2025-04-07T16:08:19.144405+00:00', 'temperature': 28.26, 'voltage': 3.65, 'current': 1.75, 'status': 'OK'}
2025-04-07 21:38:21,146 | INFO | {'timestamp': '2025-04-07T16:08:20.145039+00:00', 'temperature': 59.04, 'voltage': 3.89, 'current': 1.19, 'status': 'OK'}
2025-04-07 21:38:21,146 | INFO | {'timestamp': '2025-04-07T16:08:21.146151+00:00', 'temperature': 22.93, 'voltage': 3.02, 'current': 0.51, 'status': 'OK'}
2025-04-07 21:38:21,146 | INFO | --- Telemetry Batch End ---

2025-04-07 21:38:24,148 | INFO | --- Telemetry Batch Start ---
2025-04-07 21:38:24,148 | INFO | {'timestamp': '2025-04-07T16:08:22.147087+00:00', 'temperature': 65.15, 'voltage': 3.87, 'current': 0.91, 'status': 'OK'}
2025-04-07 21:38:24,148 | INFO | {'timestamp': '2025-04-07T16:08:23.148244+00:00', 'temperature': 64.3, 'voltage': 3.14, 'current': 0.12, 'status': 'OK'}
2025-04-07 21:38:24,148 | INFO | {'timestamp': '2025-04-07T16:08:24.148815+00:00', 'temperature': 69.02, 'voltage': 3.04, 'current': 1.9, 'status': 'OK'}
2025-04-07 21:38:24,148 | INFO | --- Telemetry Batch End ---

2025-04-07 21:38:27,151 | INFO | --- Telemetry Batch Start ---
2025-04-07 21:38:27,151 | INFO | {'timestamp': '2025-04-07T16:08:25.150200+00:00', 'temperature': 48.75, 'voltage': 3.8, 'current': 1.52, 'status': 'OK'}
2025-04-07 21:38:27,151 | INFO | {'timestamp': '2025-04-07T16:08:26.150496+00:00', 'temperature': 71.53, 'voltage': 3.57, 'current': 0.75, 'status': 'OK'}
2025-04-07 21:38:27,151 | INFO | {'timestamp': '2025-04-07T16:08:27.151411+00:00', 'temperature': 54.31, 'voltage': 3.31, 'current': 0.77, 'status': 'OK'}
2025-04-07 21:38:27,151 | INFO | --- Telemetry Batch End ---

2025-04-07 21:38:30,153 | INFO | --- Telemetry Batch Start ---
2025-04-07 21:38:30,153 | INFO | {'timestamp': '2025-04-07T16:08:28.152922+00:00', 'temperature': 68.07, 'voltage': 3.55, 'current': 1.37, 'status': 'OK'}
2025-04-07 21:38:30,153 | INFO | {'timestamp': '2025-04-07T16:08:29.153303+00:00', 'temperature': 38.45, 'voltage': 4.0, 'current': 1.73, 'status': 'OK'}
2025-04-07 21:38:30,153 | INFO | {'timestamp': '2025-04-07T16:08:30.153857+00:00', 'temperature': 43.63, 'voltage': 3.84, 'current': 1.13, 'status': 'WARN'}
2025-04-07 21:38:30,153 | INFO | --- Telemetry Batch End ---

2025-04-07 21:38:33,164 | INFO | --- Telemetry Batch Start ---
2025-04-07 21:38:33,164 | INFO | {'timestamp': '2025-04-07T16:08:31.154643+00:00', 'temperature': 53.2, 'voltage': 3.87, 'current': 1.23, 'status': 'OK'}
2025-04-07 21:38:33,164 | INFO | {'timestamp': '2025-04-07T16:08:32.155040+00:00', 'temperature': 53.9, 'voltage': 3.42, 'current': 1.27, 'status': 'OK'}
2025-04-07 21:38:33,164 | INFO | {'timestamp': '2025-04-07T16:08:33.164598+00:00', 'temperature': 59.24, 'voltage': 3.9, 'current': 0.12, 'status': 'OK'}
2025-04-07 21:38:33,164 | INFO | --- Telemetry Batch End ---

2025-04-07 21:38:36,168 | INFO | --- Telemetry Batch Start ---
2025-04-07 21:38:36,168 | INFO | {'timestamp': '2025-04-07T16:08:34.166081+00:00', 'temperature': 76.31, 'voltage': 3.58, 'current': 0.9, 'status': 'OK'}
2025-04-07 21:38:36,168 | INFO | {'timestamp': '2025-04-07T16:08:35.167510+00:00', 'temperature': 59.79, 'voltage': 4.05, 'current': 1.37, 'status': 'OK'}
2025-04-07 21:38:36,168 | INFO | {'timestamp': '2025-04-07T16:08:36.168198+00:00', 'temperature': 25.13, 'voltage': 3.77, 'current': 0.18, 'status': 'OK'}
2025-04-07 21:38:36,168 | INFO | --- Telemetry Batch End ---

2025-04-07 21:38:39,170 | INFO | --- Telemetry Batch Start ---
2025-04-07 21:38:39,170 | INFO | {'timestamp': '2025-04-07T16:08:37.169487+00:00', 'temperature': 60.66, 'voltage': 3.59, 'current': 0.27, 'status': 'OK'}
2025-04-07 21:38:39,170 | INFO | {'timestamp': '2025-04-07T16:08:38.169657+00:00', 'temperature': 27.02, 'voltage': 3.06, 'current': 1.91, 'status': 'WARN'}
2025-04-07 21:38:39,170 | INFO | {'timestamp': '2025-04-07T16:08:39.170654+00:00', 'temperature': 52.83, 'voltage': 3.84, 'current': 1.09, 'status': 'OK'}
2025-04-07 21:38:39,170 | INFO | --- Telemetry Batch End ---

2025-04-07 21:38:42,173 | INFO | --- Telemetry Batch Start ---
2025-04-07 21:38:42,173 | INFO | {'timestamp': '2025-04-07T16:08:40.171727+00:00', 'temperature': 42.0, 'voltage': 3.69, 'current': 0.6, 'status': 'WARN'}
2025-04-07 21:38:42,173 | INFO | {'timestamp': '2025-04-07T16:08:41.172607+00:00', 'temperature': 61.72, 'voltage': 3.18, 'current': 0.5, 'status': 'OK'}
2025-04-07 21:38:42,173 | INFO | {'timestamp': '2025-04-07T16:08:42.173091+00:00', 'temperature': 41.92, 'voltage': 3.76, 'current': 1.03, 'status': 'OK'}
2025-04-07 21:38:42,173 | INFO | --- Telemetry Batch End ---

2025-04-07 21:38:45,175 | INFO | --- Telemetry Batch Start ---
2025-04-07 21:38:45,175 | INFO | {'timestamp': '2025-04-07T16:08:43.174037+00:00', 'temperature': 47.14, 'voltage': 4.0, 'current': 0.56, 'status': 'OK'}
2025-04-07 21:38:45,175 | INFO | {'timestamp': '2025-04-07T16:08:44.174459+00:00', 'temperature': 28.62, 'voltage': 3.38, 'current': 1.48, 'status': 'OK'}
2025-04-07 21:38:45,175 | INFO | {'timestamp': '2025-04-07T16:08:45.175570+00:00', 'temperature': 77.61, 'voltage': 3.61, 'current': 0.12, 'status': 'OK'}
2025-04-07 21:38:45,175 | INFO | --- Telemetry Batch End ---

2025-04-07 21:38:48,180 | INFO | --- Telemetry Batch Start ---
2025-04-07 21:38:48,180 | INFO | {'timestamp': '2025-04-07T16:08:46.179569+00:00', 'temperature': 58.73, 'voltage': 4.13, 'current': 0.94, 'status': 'OK'}
2025-04-07 21:38:48,180 | INFO | {'timestamp': '2025-04-07T16:08:47.180126+00:00', 'temperature': 66.76, 'voltage': 4.09, 'current': 0.51, 'status': 'OK'}
2025-04-07 21:38:48,180 | INFO | {'timestamp': '2025-04-07T16:08:48.180923+00:00', 'temperature': 73.27, 'voltage': 3.72, 'current': 0.2, 'status': 'WARN'}
2025-04-07 21:38:48,180 | INFO | --- Telemetry Batch End ---

2025-04-07 21:38:51,183 | INFO | --- Telemetry Batch Start ---
2025-04-07 21:38:51,183 | INFO | {'timestamp': '2025-04-07T16:08:49.182575+00:00', 'temperature': 70.45, 'voltage': 4.16, 'current': 1.57, 'status': 'OK'}
2025-04-07 21:38:51,183 | INFO | {'timestamp': '2025-04-07T16:08:50.183247+00:00', 'temperature': 38.65, 'voltage': 3.2, 'current': 1.08, 'status': 'WARN'}
2025-04-07 21:38:51,183 | INFO | {'timestamp': '2025-04-07T16:08:51.183653+00:00', 'temperature': 33.75, 'voltage': 4.08, 'current': 0.61, 'status': 'OK'}
2025-04-07 21:38:51,183 | INFO | --- Telemetry Batch End ---

2025-04-07 21:38:54,184 | INFO | --- Telemetry Batch Start ---
2025-04-07 21:38:54,184 | INFO | {'timestamp': '2025-04-07T16:08:52.184311+00:00', 'temperature': 50.28, 'voltage': 3.14, 'current': 0.18, 'status': 'OK'}
2025-04-07 21:38:54,184 | INFO | {'timestamp': '2025-04-07T16:08:53.184528+00:00', 'temperature': 44.78, 'voltage': 3.54, 'current': 1.75, 'status': 'OK'}
2025-04-07 21:38:54,185 | INFO | {'timestamp': '2025-04-07T16:08:54.184812+00:00', 'temperature': 27.0, 'voltage': 3.95, 'current': 0.52, 'status': 'OK'}
2025-04-07 21:38:54,185 | INFO | --- Telemetry Batch End ---

2025-04-07 21:38:57,188 | INFO | --- Telemetry Batch Start ---
2025-04-07 21:38:57,189 | INFO | {'timestamp': '2025-04-07T16:08:55.186898+00:00', 'temperature': 29.37, 'voltage': 4.09, 'current': 0.17, 'status': 'WARN'}
2025-04-07 21:38:57,189 | INFO | {'timestamp': '2025-04-07T16:08:56.187582+00:00', 'temperature': 69.39, 'voltage': 3.7, 'current': 1.74, 'status': 'OK'}
2025-04-07 21:38:57,190 | INFO | {'timestamp': '2025-04-07T16:08:57.188217+00:00', 'temperature': 30.36, 'voltage': 3.56, 'current': 1.52, 'status': 'OK'}
2025-04-07 21:38:57,190 | INFO | --- Telemetry Batch End ---

2025-04-07 21:39:00,193 | INFO | --- Telemetry Batch Start ---
2025-04-07 21:39:00,193 | INFO | {'timestamp': '2025-04-07T16:08:58.192323+00:00', 'temperature': 32.92, 'voltage': 3.55, 'current': 0.58, 'status': 'WARN'}
2025-04-07 21:39:00,193 | INFO | {'timestamp': '2025-04-07T16:08:59.192746+00:00', 'temperature': 78.05, 'voltage': 3.35, 'current': 0.55, 'status': 'OK'}
2025-04-07 21:39:00,193 | INFO | {'timestamp': '2025-04-07T16:09:00.193356+00:00', 'temperature': 62.41, 'voltage': 4.02, 'current': 1.91, 'status': 'OK'}
2025-04-07 21:39:00,193 | INFO | --- Telemetry Batch End ---

2025-04-07 21:39:03,196 | INFO | --- Telemetry Batch Start ---
2025-04-07 21:39:03,196 | INFO | {'timestamp': '2025-04-07T16:09:01.194645+00:00', 'temperature': 74.28, 'voltage': 3.59, 'current': 0.23, 'status': 'OK'}
2025-04-07 21:39:03,196 | INFO | {'timestamp': '2025-04-07T16:09:02.195716+00:00', 'temperature': 24.46, 'voltage': 3.47, 'current': 0.63, 'status': 'WARN'}
2025-04-07 21:39:03,196 | INFO | {'timestamp': '2025-04-07T16:09:03.196673+00:00', 'temperature': 42.83, 'voltage': 4.1, 'current': 1.28, 'status': 'OK'}
2025-04-07 21:39:03,196 | INFO | --- Telemetry Batch End ---

2025-04-07 21:39:06,199 | INFO | --- Telemetry Batch Start ---
2025-04-07 21:39:06,199 | INFO | {'timestamp': '2025-04-07T16:09:04.197443+00:00', 'temperature': 57.13, 'voltage': 3.15, 'current': 0.13, 'status': 'WARN'}
2025-04-07 21:39:06,199 | INFO | {'timestamp': '2025-04-07T16:09:05.198329+00:00', 'temperature': 72.71, 'voltage': 3.91, 'current': 0.23, 'status': 'OK'}
2025-04-07 21:39:06,199 | INFO | {'timestamp': '2025-04-07T16:09:06.199221+00:00', 'temperature': 36.89, 'voltage': 3.02, 'current': 0.54, 'status': 'OK'}
2025-04-07 21:39:06,199 | INFO | --- Telemetry Batch End ---

2025-04-07 21:39:09,202 | INFO | --- Telemetry Batch Start ---
2025-04-07 21:39:09,202 | INFO | {'timestamp': '2025-04-07T16:09:07.200751+00:00', 'temperature': 60.42, 'voltage': 3.63, 'current': 0.33, 'status': 'WARN'}
2025-04-07 21:39:09,202 | INFO | {'timestamp': '2025-04-07T16:09:08.201946+00:00', 'temperature': 57.16, 'voltage': 4.01, 'current': 1.73, 'status': 'OK'}
2025-04-07 21:39:09,202 | INFO | {'timestamp': '2025-04-07T16:09:09.202506+00:00', 'temperature': 65.39, 'voltage': 3.64, 'current': 0.87, 'status': 'OK'}
2025-04-07 21:39:09,202 | INFO | --- Telemetry Batch End ---

2025-04-07 21:39:10,496 | INFO | 🛑 Telemetry Logger Stopped by User
2025-04-07 21:39:10,498 | INFO | --- Telemetry Batch Start ---
2025-04-07 21:39:10,498 | INFO | {'timestamp': '2025-04-07T16:09:10.203503+00:00', 'temperature': 24.13, 'voltage': 3.37, 'current': 1.54, 'status': 'OK'}
2025-04-07 21:39:10,498 | INFO | --- Telemetry Batch End ---

